0 info it worked if it ends with ok
1 verbose cli [ 'C:\\programs\\nodejs\\node.exe',
1 verbose cli   'C:\\programs\\nodejs\\node_modules\\npm\\bin\\npm-cli.js',
1 verbose cli   'run',
1 verbose cli   'build' ]
2 info using npm@3.8.9
3 info using node@v6.2.0
4 verbose run-script [ 'prebuild', 'build', 'postbuild' ]
5 info lifecycle angular2-webpack@1.0.0~prebuild: angular2-webpack@1.0.0
6 silly lifecycle angular2-webpack@1.0.0~prebuild: no script for prebuild, continuing
7 info lifecycle angular2-webpack@1.0.0~build: angular2-webpack@1.0.0
8 verbose lifecycle angular2-webpack@1.0.0~build: unsafe-perm in lifecycle true
9 verbose lifecycle angular2-webpack@1.0.0~build: PATH: C:\programs\nodejs\node_modules\npm\bin\node-gyp-bin;C:\programming\angular\angular2-webpack-gtutorial\src\main\webapp\node_modules\.bin;C:\programs\nodejs;C:\ProgramData\Oracle\Java\javapath;C:\WINDOWS\system32;C:\WINDOWS;C:\WINDOWS\System32\Wbem;C:\WINDOWS\System32\WindowsPowerShell\v1.0\;C:\Program Files (x86)\Google\Hangouts Plugin for Microsoft Outlook\;C:\programs\Git\cmd;C:\programs\maven\bin;C:\Program Files\TortoiseGit\bin;C:\Program Files\PostgreSQL\9.4\bin;C:\Program Files (x86)\Subversion\bin;C:\programs\apache-ant\bin;C:\Program Files\TortoiseSVN\bin;C:\cygwin\bin;C:\programs\spring-1.3.2.RELEASE\bin;C:\programs\nodejs\;C:\Tuxedo\tuxedo12.1.1.0_VS2010\bin;C:\Users\neugeeug\AppData\Roaming\npm;C:\Users\neugeeug\AppData\Local\atom\bin
10 verbose lifecycle angular2-webpack@1.0.0~build: CWD: C:\programming\angular\angular2-webpack-gtutorial\src\main\webapp
11 silly lifecycle angular2-webpack@1.0.0~build: Args: [ '/d /s /c',
11 silly lifecycle   'webpack --config config/webpack.prod.js --progress --colors --watch' ]
12 silly lifecycle angular2-webpack@1.0.0~build: Returned: code: 1  signal: null
13 info lifecycle angular2-webpack@1.0.0~build: Failed to exec build script
14 verbose stack Error: angular2-webpack@1.0.0 build: `webpack --config config/webpack.prod.js --progress --colors --watch`
14 verbose stack Exit status 1
14 verbose stack     at EventEmitter.<anonymous> (C:\programs\nodejs\node_modules\npm\lib\utils\lifecycle.js:245:16)
14 verbose stack     at emitTwo (events.js:106:13)
14 verbose stack     at EventEmitter.emit (events.js:191:7)
14 verbose stack     at ChildProcess.<anonymous> (C:\programs\nodejs\node_modules\npm\lib\utils\spawn.js:24:14)
14 verbose stack     at emitTwo (events.js:106:13)
14 verbose stack     at ChildProcess.emit (events.js:191:7)
14 verbose stack     at maybeClose (internal/child_process.js:850:16)
14 verbose stack     at Process.ChildProcess._handle.onexit (internal/child_process.js:215:5)
15 verbose pkgid angular2-webpack@1.0.0
16 verbose cwd C:\programming\angular\angular2-webpack-gtutorial\src\main\webapp
17 error Windows_NT 6.3.9600
18 error argv "C:\\programs\\nodejs\\node.exe" "C:\\programs\\nodejs\\node_modules\\npm\\bin\\npm-cli.js" "run" "build"
19 error node v6.2.0
20 error npm  v3.8.9
21 error code ELIFECYCLE
22 error angular2-webpack@1.0.0 build: `webpack --config config/webpack.prod.js --progress --colors --watch`
22 error Exit status 1
23 error Failed at the angular2-webpack@1.0.0 build script 'webpack --config config/webpack.prod.js --progress --colors --watch'.
23 error Make sure you have the latest version of node.js and npm installed.
23 error If you do, this is most likely a problem with the angular2-webpack package,
23 error not with npm itself.
23 error Tell the author that this fails on your system:
23 error     webpack --config config/webpack.prod.js --progress --colors --watch
23 error You can get information on how to open an issue for this project with:
23 error     npm bugs angular2-webpack
23 error Or if that isn't available, you can get their info via:
23 error     npm owner ls angular2-webpack
23 error There is likely additional logging output above.
24 verbose exit [ 1, true ]
